Using pre-set license
Built from '2020.3/staging' branch; Version is '2020.3.4f1 (0abb6314276a) revision 703331'; Using compiler version '192528614'; Build Type 'Release'
OS: 'Windows 10 Pro; OS build 19043.1165; Version 2009; 64bit' Language: 'tr' Physical Memory: 16328 MB
BatchMode: 1, IsHumanControllingUs: 0, StartBugReporterOnCrash: 0, Is64bit: 1, IsPro: 0

 COMMAND LINE ARGUMENTS:
C:\Program Files\Unity\Hub\Editor\2020.3.4f1\Editor\Unity.exe
-adb2
-batchMode
-noUpm
-name
AssetImportWorker0
-projectPath
C:/Users/PC/Documents/GitHub/Own Projects/MetaBall-URP/Metaballs_URP
-logFile
Logs/AssetImportWorker0.log
-srvPort
57485
Successfully changed project path to: C:/Users/PC/Documents/GitHub/Own Projects/MetaBall-URP/Metaballs_URP
C:/Users/PC/Documents/GitHub/Own Projects/MetaBall-URP/Metaballs_URP
Using Asset Import Pipeline V2.
Refreshing native plugins compatible for Editor in 45.16 ms, found 0 plugins.
Preloading 0 native plugins for Editor in 0.00 ms.
Initialize engine version: 2020.3.4f1 (0abb6314276a)
[Subsystems] Discovering subsystems at path C:/Program Files/Unity/Hub/Editor/2020.3.4f1/Editor/Data/Resources/UnitySubsystems
[Subsystems] Discovering subsystems at path C:/Users/PC/Documents/GitHub/Own Projects/MetaBall-URP/Metaballs_URP/Assets
GfxDevice: creating device client; threaded=0
Direct3D:
    Version:  Direct3D 11.0 [level 11.1]
    Renderer: AMD Radeon RX 6700 XT (ID=0x73df)
    Vendor:   
    VRAM:     11986 MB
    Driver:   27.20.22025.1006
Shader 'Universal Render Pipeline/Particles/Lit': fallback shader 'Universal Render Pipeline/Particles/SimpleLit' not found
Initialize mono
Mono path[0] = 'C:/Program Files/Unity/Hub/Editor/2020.3.4f1/Editor/Data/Managed'
Mono path[1] = 'C:/Program Files/Unity/Hub/Editor/2020.3.4f1/Editor/Data/MonoBleedingEdge/lib/mono/unityjit'
Mono config path = 'C:/Program Files/Unity/Hub/Editor/2020.3.4f1/Editor/Data/MonoBleedingEdge/etc'
Using monoOptions --debugger-agent=transport=dt_socket,embedding=1,server=y,suspend=n,address=127.0.0.1:56132
Begin MonoManager ReloadAssembly
Registering precompiled unity dll's ...
Register platform support module: C:/Program Files/Unity/Hub/Editor/2020.3.4f1/Editor/Data/PlaybackEngines/WebGLSupport/UnityEditor.WebGL.Extensions.dll
Register platform support module: C:/Program Files/Unity/Hub/Editor/2020.3.4f1/Editor/Data/PlaybackEngines/MacStandaloneSupport/UnityEditor.OSXStandalone.Extensions.dll
Register platform support module: C:/Program Files/Unity/Hub/Editor/2020.3.4f1/Editor/Data/PlaybackEngines/WindowsStandaloneSupport/UnityEditor.WindowsStandalone.Extensions.dll
Register platform support module: C:/Program Files/Unity/Hub/Editor/2020.3.4f1/Editor/Data/PlaybackEngines/LinuxStandaloneSupport/UnityEditor.LinuxStandalone.Extensions.dll
Registered in 0.002573 seconds.
Native extension for LinuxStandalone target not found
Native extension for WindowsStandalone target not found
Native extension for OSXStandalone target not found
Native extension for WebGL target not found
Refreshing native plugins compatible for Editor in 41.86 ms, found 0 plugins.
Preloading 0 native plugins for Editor in 0.00 ms.
Mono: successfully reloaded assembly
- Completed reload, in  1.915 seconds
Platform modules already initialized, skipping
Registering precompiled user dll's ...
Registered in 0.001141 seconds.
Begin MonoManager ReloadAssembly
Native extension for LinuxStandalone target not found
Native extension for WindowsStandalone target not found
Native extension for OSXStandalone target not found
Native extension for WebGL target not found
Refreshing native plugins compatible for Editor in 39.88 ms, found 0 plugins.
Preloading 0 native plugins for Editor in 0.00 ms.
Mono: successfully reloaded assembly
- Completed reload, in  0.790 seconds
Platform modules already initialized, skipping
========================================================================
Worker process is ready to serve import requests
Shader 'Universal Render Pipeline/Particles/Lit': fallback shader 'Universal Render Pipeline/Particles/SimpleLit' not found
Launched and connected shader compiler UnityShaderCompiler.exe after 0.04 seconds
Refreshing native plugins compatible for Editor in 0.47 ms, found 0 plugins.
Preloading 0 native plugins for Editor in 0.00 ms.
Unloading 2461 Unused Serialized files (Serialized files now loaded: 0)
System memory in use before: 116.1 MB.
System memory in use after: 116.2 MB.

Unloading 11 unused Assets to reduce memory usage. Loaded Objects now: 2904.
Total: 2.453800 ms (FindLiveObjects: 0.473800 ms CreateObjectMapping: 0.074700 ms MarkObjects: 1.785900 ms  DeleteObjects: 0.118500 ms)

========================================================================
Received Import Request.
  path: Assets/Materials/Metaball.mat
  artifactKey: Guid(0941a907b7044e14893f262a604148d7) Importer(815301076,1909f56bfc062723c751e8b465ee728b)
Start importing Assets/Materials/Metaball.mat using Guid(0941a907b7044e14893f262a604148d7) Importer(815301076,1909f56bfc062723c751e8b465ee728b)  -> (artifact id: '7237261ed93d99b1cdbd7b4e43b5a5fd') in 0.204609 seconds
  Import took 0.209122 seconds .

========================================================================
Received Import Request.
  Time since last request: 45.079544 seconds.
  path: Assets/Prefabs/Sprite.prefab
  artifactKey: Guid(3f357f3687bea5348b63f3c6bea1af41) Importer(815301076,1909f56bfc062723c751e8b465ee728b)
Start importing Assets/Prefabs/Sprite.prefab using Guid(3f357f3687bea5348b63f3c6bea1af41) Importer(815301076,1909f56bfc062723c751e8b465ee728b)  -> (artifact id: '290ba7ab84fecc8a705592352e7ed351') in 0.022856 seconds
  Import took 0.026720 seconds .

========================================================================
Received Import Request.
  Time since last request: 11.980617 seconds.
  path: Assets/Shaders/MetaballShader.shadergraph
  artifactKey: Guid(60aa272f8a7433f41ae25b9afc341dd0) Importer(815301076,1909f56bfc062723c751e8b465ee728b)
Start importing Assets/Shaders/MetaballShader.shadergraph using Guid(60aa272f8a7433f41ae25b9afc341dd0) Importer(815301076,1909f56bfc062723c751e8b465ee728b)  -> (artifact id: '9e349cc9245a2bc5393b4315b11b5b6d') in 0.002877 seconds
  Import took 0.006425 seconds .

========================================================================
Received Import Request.
  Time since last request: 0.451132 seconds.
  path: Assets/Shaders/MetaballShader.shadergraph
  artifactKey: Guid(60aa272f8a7433f41ae25b9afc341dd0) Importer(815301076,1909f56bfc062723c751e8b465ee728b)
Start importing Assets/Shaders/MetaballShader.shadergraph using Guid(60aa272f8a7433f41ae25b9afc341dd0) Importer(815301076,1909f56bfc062723c751e8b465ee728b)  -> (artifact id: '9e349cc9245a2bc5393b4315b11b5b6d') in 0.002097 seconds
  Import took 0.005866 seconds .

AssetImportWorkerClient::OnTransportError - code=2 error=End of file
